Arguments: 
  /Users/farisansari/.nvm/versions/node/v8.11.1/bin/node /Users/farisansari/.nvm/versions/node/v8.11.1/bin/yarn init

PATH: 
  /Users/farisansari/.nvm/versions/node/v8.11.1/bin:/usr/local/bin:/usr/bin:/bin:/usr/sbin:/sbin:/Users/farisansari/Library/Android/sdk/tools:/Users/farisansari/Library/Android/sdk/platform-tools:

Yarn version: 
  1.6.0

Node version: 
  8.11.1

Platform: 
  darwin x64

Trace: 
  Error: canceled
      at Interface.<anonymous> (/Users/farisansari/.nvm/versions/node/v8.11.1/lib/node_modules/yarn/lib/cli.js:129516:13)
      at emitNone (events.js:106:13)
      at Interface.emit (events.js:208:7)
      at Interface._ttyWrite (readline.js:775:16)
      at ReadStream.onkeypress (readline.js:160:10)
      at emitTwo (events.js:126:13)
      at ReadStream.emit (events.js:214:7)
      at emitKeys (internal/readline.js:420:14)
      at emitKeys.next (<anonymous>)
      at ReadStream.onData (readline.js:1011:36)

npm manifest: 
  No manifest

yarn manifest: 
  No manifest

Lockfile: 
  No lockfile
